<?xml version="1.0" encoding="UTF-8"?>
<!-- Generated by org.testng.reporters.JUnitReportReporter -->
<testsuite hostname="MSDES03" failures="0" tests="1" name="com.workday.tests.Workday_TC_demo" time="18.717" errors="0" timestamp="2024-09-17T17:45:06 IST" skipped="0">
  <testcase classname="com.workday.tests.Workday_TC_demo" name="Workday_TC_demo" time="18.717"/>
</testsuite> <!-- com.workday.tests.Workday_TC_demo -->
